{"/Users/mokz/work bench/extension/FRONT-END/webpack/my-project/build-webpack/lib/webpack.base.js":{"path":"/Users/mokz/work bench/extension/FRONT-END/webpack/my-project/build-webpack/lib/webpack.base.js","s":{"1":1,"2":1,"3":1,"4":1,"5":1,"6":1,"7":1,"8":1,"9":1,"10":1,"11":1,"12":1,"13":2,"14":2,"15":2,"16":2,"17":2,"18":1,"19":1,"20":1,"21":0,"22":0,"23":0,"24":0},"b":{"1":[2,2],"2":[0,0],"3":[0,0,0]},"f":{"1":0},"fnMap":{"1":{"name":"errorPlugin","line":132,"loc":{"start":{"line":132,"column":4},"end":{"line":132,"column":27}}}},"statementMap":{"1":{"start":{"line":1,"column":0},"end":{"line":1,"column":29}},"2":{"start":{"line":2,"column":0},"end":{"line":2,"column":29}},"3":{"start":{"line":3,"column":0},"end":{"line":3,"column":64}},"4":{"start":{"line":4,"column":0},"end":{"line":4,"column":57}},"5":{"start":{"line":5,"column":0},"end":{"line":5,"column":63}},"6":{"start":{"line":6,"column":0},"end":{"line":6,"column":78}},"7":{"start":{"line":7,"column":0},"end":{"line":7,"column":34}},"8":{"start":{"line":9,"column":0},"end":{"line":38,"column":2}},"9":{"start":{"line":10,"column":2},"end":{"line":10,"column":19}},"10":{"start":{"line":11,"column":2},"end":{"line":11,"column":32}},"11":{"start":{"line":13,"column":2},"end":{"line":13,"column":75}},"12":{"start":{"line":14,"column":2},"end":{"line":33,"column":5}},"13":{"start":{"line":15,"column":4},"end":{"line":15,"column":40}},"14":{"start":{"line":16,"column":4},"end":{"line":16,"column":58}},"15":{"start":{"line":17,"column":4},"end":{"line":17,"column":39}},"16":{"start":{"line":18,"column":4},"end":{"line":18,"column":32}},"17":{"start":{"line":19,"column":4},"end":{"line":32,"column":8}},"18":{"start":{"line":34,"column":2},"end":{"line":37,"column":4}},"19":{"start":{"line":40,"column":0},"end":{"line":40,"column":47}},"20":{"start":{"line":41,"column":0},"end":{"line":142,"column":2}},"21":{"start":{"line":133,"column":6},"end":{"line":138,"column":9}},"22":{"start":{"line":134,"column":8},"end":{"line":137,"column":9}},"23":{"start":{"line":135,"column":10},"end":{"line":135,"column":37}},"24":{"start":{"line":136,"column":10},"end":{"line":136,"column":26}}},"branchMap":{"1":{"line":17,"type":"binary-expr","locations":[{"start":{"line":17,"column":21},"end":{"line":17,"column":26}},{"start":{"line":17,"column":30},"end":{"line":17,"column":38}}]},"2":{"line":134,"type":"if","locations":[{"start":{"line":134,"column":8},"end":{"line":134,"column":8}},{"start":{"line":134,"column":8},"end":{"line":134,"column":8}}]},"3":{"line":134,"type":"binary-expr","locations":[{"start":{"line":134,"column":12},"end":{"line":134,"column":36}},{"start":{"line":134,"column":40},"end":{"line":134,"column":71}},{"start":{"line":134,"column":75},"end":{"line":134,"column":113}}]}}}}